2023-06-27 11:54:57.619  INFO 15388 --- [main] com.demo.demo_project.App                : Starting App using Java 17.0.7 on LAPTOP-QMCP9GI7 with PID 15388 (C:\Users\kidfl\OneDrive - University of Cape Town\Documents\eclipse workspace\demo-project\target\classes started by Delicia in C:\Users\kidfl\OneDrive - University of Cape Town\Documents\eclipse workspace\demo-project)
2023-06-27 11:54:57.623  INFO 15388 --- [main] com.demo.demo_project.App                : No active profile set, falling back to 1 default profile: "default"
2023-06-27 11:54:59.702  INFO 15388 --- [main] .s.d.r.c.RepositoryConfigurationDelegate : Bootstrapping Spring Data JPA repositories in DEFAULT mode.
2023-06-27 11:54:59.827  INFO 15388 --- [main] .s.d.r.c.RepositoryConfigurationDelegate : Finished Spring Data repository scanning in 94 ms. Found 3 JPA repository interfaces.
2023-06-27 11:55:01.216  INFO 15388 --- [main] o.s.b.w.embedded.tomcat.TomcatWebServer  : Tomcat initialized with port(s): 8080 (http)
2023-06-27 11:55:01.233  INFO 15388 --- [main] o.apache.catalina.core.StandardService   : Starting service [Tomcat]
2023-06-27 11:55:01.237  INFO 15388 --- [main] org.apache.catalina.core.StandardEngine  : Starting Servlet engine: [Apache Tomcat/9.0.63]
2023-06-27 11:55:01.433  INFO 15388 --- [main] o.a.c.c.C.[Tomcat].[localhost].[/]       : Initializing Spring embedded WebApplicationContext
2023-06-27 11:55:01.434  INFO 15388 --- [main] w.s.c.ServletWebServerApplicationContext : Root WebApplicationContext: initialization completed in 3616 ms
2023-06-27 11:55:01.764  INFO 15388 --- [main] com.zaxxer.hikari.HikariDataSource       : HikariPool-1 - Starting...
2023-06-27 11:55:02.259  INFO 15388 --- [main] com.zaxxer.hikari.HikariDataSource       : HikariPool-1 - Start completed.
2023-06-27 11:55:02.326  INFO 15388 --- [main] o.hibernate.jpa.internal.util.LogHelper  : HHH000204: Processing PersistenceUnitInfo [name: default]
2023-06-27 11:55:02.449  INFO 15388 --- [main] org.hibernate.Version                    : HHH000412: Hibernate ORM core version 5.4.33
2023-06-27 11:55:02.870  INFO 15388 --- [main] o.hibernate.annotations.common.Version   : HCANN000001: Hibernate Commons Annotations {5.1.2.Final}
2023-06-27 11:55:03.048  INFO 15388 --- [main] org.hibernate.dialect.Dialect            : HHH000400: Using dialect: org.hibernate.dialect.MySQL8Dialect
2023-06-27 11:55:03.919  INFO 15388 --- [main] o.h.e.t.j.p.i.JtaPlatformInitiator       : HHH000490: Using JtaPlatform implementation: [org.hibernate.engine.transaction.jta.platform.internal.NoJtaPlatform]
2023-06-27 11:55:03.933  INFO 15388 --- [main] j.LocalContainerEntityManagerFactoryBean : Initialized JPA EntityManagerFactory for persistence unit 'default'
2023-06-27 11:55:05.346  WARN 15388 --- [main] JpaBaseConfiguration$JpaWebConfiguration : spring.jpa.open-in-view is enabled by default. Therefore, database queries may be performed during view rendering. Explicitly configure spring.jpa.open-in-view to disable this warning
2023-06-27 11:55:05.711  INFO 15388 --- [main] pertySourcedRequestMappingHandlerMapping : Mapped URL path [/v2/api-docs] onto method [springfox.documentation.swagger2.web.Swagger2Controller#getDocumentation(String, HttpServletRequest)]
2023-06-27 11:55:06.437  INFO 15388 --- [main] o.s.b.w.embedded.tomcat.TomcatWebServer  : Tomcat started on port(s): 8080 (http) with context path ''
2023-06-27 11:55:06.439  INFO 15388 --- [main] d.s.w.p.DocumentationPluginsBootstrapper : Context refreshed
2023-06-27 11:55:06.473  INFO 15388 --- [main] d.s.w.p.DocumentationPluginsBootstrapper : Found 1 custom documentation plugin(s)
2023-06-27 11:55:06.507  INFO 15388 --- [main] s.d.s.w.s.ApiListingReferenceScanner     : Scanning for api listing references
2023-06-27 11:55:06.821  INFO 15388 --- [main] com.demo.demo_project.App                : Started App in 9.684 seconds (JVM running for 10.201)
2023-06-27 11:55:08.220  INFO 15388 --- [http-nio-8080-exec-2] o.a.c.c.C.[Tomcat].[localhost].[/]       : Initializing Spring DispatcherServlet 'dispatcherServlet'
2023-06-27 11:55:08.220  INFO 15388 --- [http-nio-8080-exec-2] o.s.web.servlet.DispatcherServlet        : Initializing Servlet 'dispatcherServlet'
2023-06-27 11:55:08.226  INFO 15388 --- [http-nio-8080-exec-2] o.s.web.servlet.DispatcherServlet        : Completed initialization in 5 ms
2023-06-27 11:55:08.309 ERROR 15388 --- [http-nio-8080-exec-2] c.demo.demo_project.api.homeController   : Inside error
2023-06-27 11:55:08.310  INFO 15388 --- [http-nio-8080-exec-2] c.demo.demo_project.api.homeController   : Inside info
2023-06-27 11:55:08.310 TRACE 15388 --- [http-nio-8080-exec-2] c.demo.demo_project.api.homeController   : Inside trace
2023-06-27 11:55:08.310  WARN 15388 --- [http-nio-8080-exec-2] c.demo.demo_project.api.homeController   : Inside warnings
2023-06-27 11:55:08.310 DEBUG 15388 --- [http-nio-8080-exec-2] c.demo.demo_project.api.homeController   : Inside debug
2023-06-27 11:55:08.656  WARN 15388 --- [http-nio-8080-exec-2] o.h.engine.jdbc.spi.SqlExceptionHelper   : SQL Error: 1054, SQLState: 42S22
2023-06-27 11:55:08.656 ERROR 15388 --- [http-nio-8080-exec-2] o.h.engine.jdbc.spi.SqlExceptionHelper   : Unknown column 'subjects0_.marks_obtained' in 'field list'
2023-06-27 11:55:08.664  WARN 15388 --- [http-nio-8080-exec-2] .w.s.m.s.DefaultHandlerExceptionResolver : Resolved [org.springframework.http.converter.HttpMessageNotWritableException: Could not write JSON: could not extract ResultSet; nested exception is com.fasterxml.jackson.databind.JsonMappingException: could not extract ResultSet (through reference chain: java.util.ArrayList[0]->com.demo.demo_project.entity.StudentsInfo["subjects"])]
2023-06-27 11:58:48.676  INFO 14808 --- [main] com.demo.demo_project.App                : Starting App using Java 17.0.7 on LAPTOP-QMCP9GI7 with PID 14808 (C:\Users\kidfl\OneDrive - University of Cape Town\Documents\eclipse workspace\demo-project\target\classes started by Delicia in C:\Users\kidfl\OneDrive - University of Cape Town\Documents\eclipse workspace\demo-project)
2023-06-27 11:58:48.683  INFO 14808 --- [main] com.demo.demo_project.App                : No active profile set, falling back to 1 default profile: "default"
2023-06-27 11:58:50.161  INFO 14808 --- [main] .s.d.r.c.RepositoryConfigurationDelegate : Bootstrapping Spring Data JPA repositories in DEFAULT mode.
2023-06-27 11:58:50.277  INFO 14808 --- [main] .s.d.r.c.RepositoryConfigurationDelegate : Finished Spring Data repository scanning in 87 ms. Found 3 JPA repository interfaces.
2023-06-27 11:58:51.446  INFO 14808 --- [main] o.s.b.w.embedded.tomcat.TomcatWebServer  : Tomcat initialized with port(s): 8080 (http)
2023-06-27 11:58:51.460  INFO 14808 --- [main] o.apache.catalina.core.StandardService   : Starting service [Tomcat]
2023-06-27 11:58:51.461  INFO 14808 --- [main] org.apache.catalina.core.StandardEngine  : Starting Servlet engine: [Apache Tomcat/9.0.63]
2023-06-27 11:58:51.620  INFO 14808 --- [main] o.a.c.c.C.[Tomcat].[localhost].[/]       : Initializing Spring embedded WebApplicationContext
2023-06-27 11:58:51.621  INFO 14808 --- [main] w.s.c.ServletWebServerApplicationContext : Root WebApplicationContext: initialization completed in 2791 ms
2023-06-27 11:58:51.900  INFO 14808 --- [main] com.zaxxer.hikari.HikariDataSource       : HikariPool-1 - Starting...
2023-06-27 11:58:52.336  INFO 14808 --- [main] com.zaxxer.hikari.HikariDataSource       : HikariPool-1 - Start completed.
2023-06-27 11:58:52.404  INFO 14808 --- [main] o.hibernate.jpa.internal.util.LogHelper  : HHH000204: Processing PersistenceUnitInfo [name: default]
2023-06-27 11:58:52.499  INFO 14808 --- [main] org.hibernate.Version                    : HHH000412: Hibernate ORM core version 5.4.33
2023-06-27 11:58:52.789  INFO 14808 --- [main] o.hibernate.annotations.common.Version   : HCANN000001: Hibernate Commons Annotations {5.1.2.Final}
2023-06-27 11:58:52.940  INFO 14808 --- [main] org.hibernate.dialect.Dialect            : HHH000400: Using dialect: org.hibernate.dialect.MySQL8Dialect
2023-06-27 11:58:53.705  INFO 14808 --- [main] o.h.e.t.j.p.i.JtaPlatformInitiator       : HHH000490: Using JtaPlatform implementation: [org.hibernate.engine.transaction.jta.platform.internal.NoJtaPlatform]
2023-06-27 11:58:53.726  INFO 14808 --- [main] j.LocalContainerEntityManagerFactoryBean : Initialized JPA EntityManagerFactory for persistence unit 'default'
2023-06-27 11:58:54.793  WARN 14808 --- [main] JpaBaseConfiguration$JpaWebConfiguration : spring.jpa.open-in-view is enabled by default. Therefore, database queries may be performed during view rendering. Explicitly configure spring.jpa.open-in-view to disable this warning
2023-06-27 11:58:55.045  INFO 14808 --- [main] pertySourcedRequestMappingHandlerMapping : Mapped URL path [/v2/api-docs] onto method [springfox.documentation.swagger2.web.Swagger2Controller#getDocumentation(String, HttpServletRequest)]
2023-06-27 11:58:55.555  INFO 14808 --- [main] o.s.b.w.embedded.tomcat.TomcatWebServer  : Tomcat started on port(s): 8080 (http) with context path ''
2023-06-27 11:58:55.558  INFO 14808 --- [main] d.s.w.p.DocumentationPluginsBootstrapper : Context refreshed
2023-06-27 11:58:55.589  INFO 14808 --- [main] d.s.w.p.DocumentationPluginsBootstrapper : Found 1 custom documentation plugin(s)
2023-06-27 11:58:55.628  INFO 14808 --- [main] s.d.s.w.s.ApiListingReferenceScanner     : Scanning for api listing references
2023-06-27 11:58:55.854  INFO 14808 --- [main] com.demo.demo_project.App                : Started App in 7.668 seconds (JVM running for 8.493)
2023-06-27 11:59:35.933  INFO 14808 --- [http-nio-8080-exec-2] o.a.c.c.C.[Tomcat].[localhost].[/]       : Initializing Spring DispatcherServlet 'dispatcherServlet'
2023-06-27 11:59:35.934  INFO 14808 --- [http-nio-8080-exec-2] o.s.web.servlet.DispatcherServlet        : Initializing Servlet 'dispatcherServlet'
2023-06-27 11:59:35.947  INFO 14808 --- [http-nio-8080-exec-2] o.s.web.servlet.DispatcherServlet        : Completed initialization in 3 ms
2023-06-27 11:59:36.050 ERROR 14808 --- [http-nio-8080-exec-2] c.demo.demo_project.api.homeController   : Inside error
2023-06-27 11:59:36.052  INFO 14808 --- [http-nio-8080-exec-2] c.demo.demo_project.api.homeController   : Inside info
2023-06-27 11:59:36.052 TRACE 14808 --- [http-nio-8080-exec-2] c.demo.demo_project.api.homeController   : Inside trace
2023-06-27 11:59:36.057  WARN 14808 --- [http-nio-8080-exec-2] c.demo.demo_project.api.homeController   : Inside warnings
2023-06-27 11:59:36.057 DEBUG 14808 --- [http-nio-8080-exec-2] c.demo.demo_project.api.homeController   : Inside debug
2023-06-27 11:59:36.469  WARN 14808 --- [http-nio-8080-exec-2] o.h.engine.jdbc.spi.SqlExceptionHelper   : SQL Error: 1054, SQLState: 42S22
2023-06-27 11:59:36.469 ERROR 14808 --- [http-nio-8080-exec-2] o.h.engine.jdbc.spi.SqlExceptionHelper   : Unknown column 'subjects0_.marks_obtained' in 'field list'
2023-06-27 11:59:36.476  WARN 14808 --- [http-nio-8080-exec-2] .w.s.m.s.DefaultHandlerExceptionResolver : Resolved [org.springframework.http.converter.HttpMessageNotWritableException: Could not write JSON: could not extract ResultSet; nested exception is com.fasterxml.jackson.databind.JsonMappingException: could not extract ResultSet (through reference chain: java.util.ArrayList[0]->com.demo.demo_project.entity.StudentsInfo["subjects"])]
2023-06-27 12:00:28.927  INFO 14764 --- [main] com.demo.demo_project.App                : Starting App using Java 17.0.7 on LAPTOP-QMCP9GI7 with PID 14764 (C:\Users\kidfl\OneDrive - University of Cape Town\Documents\eclipse workspace\demo-project\target\classes started by Delicia in C:\Users\kidfl\OneDrive - University of Cape Town\Documents\eclipse workspace\demo-project)
2023-06-27 12:00:28.939  INFO 14764 --- [main] com.demo.demo_project.App                : No active profile set, falling back to 1 default profile: "default"
2023-06-27 12:00:30.557  INFO 14764 --- [main] .s.d.r.c.RepositoryConfigurationDelegate : Bootstrapping Spring Data JPA repositories in DEFAULT mode.
2023-06-27 12:00:30.763  INFO 14764 --- [main] .s.d.r.c.RepositoryConfigurationDelegate : Finished Spring Data repository scanning in 127 ms. Found 3 JPA repository interfaces.
2023-06-27 12:00:32.372  INFO 14764 --- [main] o.s.b.w.embedded.tomcat.TomcatWebServer  : Tomcat initialized with port(s): 8080 (http)
2023-06-27 12:00:32.404  INFO 14764 --- [main] o.apache.catalina.core.StandardService   : Starting service [Tomcat]
2023-06-27 12:00:32.406  INFO 14764 --- [main] org.apache.catalina.core.StandardEngine  : Starting Servlet engine: [Apache Tomcat/9.0.63]
2023-06-27 12:00:32.619  INFO 14764 --- [main] o.a.c.c.C.[Tomcat].[localhost].[/]       : Initializing Spring embedded WebApplicationContext
2023-06-27 12:00:32.622  INFO 14764 --- [main] w.s.c.ServletWebServerApplicationContext : Root WebApplicationContext: initialization completed in 3536 ms
2023-06-27 12:00:33.001  INFO 14764 --- [main] com.zaxxer.hikari.HikariDataSource       : HikariPool-1 - Starting...
2023-06-27 12:00:33.569  INFO 14764 --- [main] com.zaxxer.hikari.HikariDataSource       : HikariPool-1 - Start completed.
2023-06-27 12:00:33.702  INFO 14764 --- [main] o.hibernate.jpa.internal.util.LogHelper  : HHH000204: Processing PersistenceUnitInfo [name: default]
2023-06-27 12:00:33.998  INFO 14764 --- [main] org.hibernate.Version                    : HHH000412: Hibernate ORM core version 5.4.33
2023-06-27 12:00:34.208  INFO 14764 --- [main] o.hibernate.annotations.common.Version   : HCANN000001: Hibernate Commons Annotations {5.1.2.Final}
2023-06-27 12:00:34.422  INFO 14764 --- [main] org.hibernate.dialect.Dialect            : HHH000400: Using dialect: org.hibernate.dialect.MySQL8Dialect
2023-06-27 12:00:35.413  INFO 14764 --- [main] o.h.e.t.j.p.i.JtaPlatformInitiator       : HHH000490: Using JtaPlatform implementation: [org.hibernate.engine.transaction.jta.platform.internal.NoJtaPlatform]
2023-06-27 12:00:35.438  INFO 14764 --- [main] j.LocalContainerEntityManagerFactoryBean : Initialized JPA EntityManagerFactory for persistence unit 'default'
2023-06-27 12:00:36.717  WARN 14764 --- [main] JpaBaseConfiguration$JpaWebConfiguration : spring.jpa.open-in-view is enabled by default. Therefore, database queries may be performed during view rendering. Explicitly configure spring.jpa.open-in-view to disable this warning
2023-06-27 12:00:37.196  INFO 14764 --- [main] pertySourcedRequestMappingHandlerMapping : Mapped URL path [/v2/api-docs] onto method [springfox.documentation.swagger2.web.Swagger2Controller#getDocumentation(String, HttpServletRequest)]
2023-06-27 12:00:38.024  INFO 14764 --- [main] o.s.b.w.embedded.tomcat.TomcatWebServer  : Tomcat started on port(s): 8080 (http) with context path ''
2023-06-27 12:00:38.034  INFO 14764 --- [main] d.s.w.p.DocumentationPluginsBootstrapper : Context refreshed
2023-06-27 12:00:38.101  INFO 14764 --- [main] d.s.w.p.DocumentationPluginsBootstrapper : Found 1 custom documentation plugin(s)
2023-06-27 12:00:38.200  INFO 14764 --- [main] s.d.s.w.s.ApiListingReferenceScanner     : Scanning for api listing references
2023-06-27 12:00:38.591  INFO 14764 --- [main] com.demo.demo_project.App                : Started App in 10.236 seconds (JVM running for 11.05)
2023-06-27 12:00:45.053  INFO 14764 --- [http-nio-8080-exec-1] o.a.c.c.C.[Tomcat].[localhost].[/]       : Initializing Spring DispatcherServlet 'dispatcherServlet'
2023-06-27 12:00:45.053  INFO 14764 --- [http-nio-8080-exec-1] o.s.web.servlet.DispatcherServlet        : Initializing Servlet 'dispatcherServlet'
2023-06-27 12:00:45.059  INFO 14764 --- [http-nio-8080-exec-1] o.s.web.servlet.DispatcherServlet        : Completed initialization in 6 ms
2023-06-27 12:00:45.100 ERROR 14764 --- [http-nio-8080-exec-1] c.demo.demo_project.api.homeController   : Inside error
2023-06-27 12:00:45.102  INFO 14764 --- [http-nio-8080-exec-1] c.demo.demo_project.api.homeController   : Inside info
2023-06-27 12:00:45.102 TRACE 14764 --- [http-nio-8080-exec-1] c.demo.demo_project.api.homeController   : Inside trace
2023-06-27 12:00:45.102  WARN 14764 --- [http-nio-8080-exec-1] c.demo.demo_project.api.homeController   : Inside warnings
2023-06-27 12:00:45.102 DEBUG 14764 --- [http-nio-8080-exec-1] c.demo.demo_project.api.homeController   : Inside debug
2023-06-27 12:00:45.398  WARN 14764 --- [http-nio-8080-exec-1] o.h.engine.jdbc.spi.SqlExceptionHelper   : SQL Error: 1054, SQLState: 42S22
2023-06-27 12:00:45.398 ERROR 14764 --- [http-nio-8080-exec-1] o.h.engine.jdbc.spi.SqlExceptionHelper   : Unknown column 'subjects0_.marks_obtained' in 'field list'
2023-06-27 12:00:45.401  WARN 14764 --- [http-nio-8080-exec-1] .w.s.m.s.DefaultHandlerExceptionResolver : Resolved [org.springframework.http.converter.HttpMessageNotWritableException: Could not write JSON: could not extract ResultSet; nested exception is com.fasterxml.jackson.databind.JsonMappingException: could not extract ResultSet (through reference chain: java.util.ArrayList[0]->com.demo.demo_project.entity.StudentsInfo["subjects"])]
2023-06-27 12:03:22.380  INFO 7288 --- [main] com.demo.demo_project.App                : Starting App using Java 17.0.7 on LAPTOP-QMCP9GI7 with PID 7288 (C:\Users\kidfl\OneDrive - University of Cape Town\Documents\eclipse workspace\demo-project\target\classes started by Delicia in C:\Users\kidfl\OneDrive - University of Cape Town\Documents\eclipse workspace\demo-project)
2023-06-27 12:03:22.385  INFO 7288 --- [main] com.demo.demo_project.App                : No active profile set, falling back to 1 default profile: "default"
2023-06-27 12:03:24.438  INFO 7288 --- [main] .s.d.r.c.RepositoryConfigurationDelegate : Bootstrapping Spring Data JPA repositories in DEFAULT mode.
2023-06-27 12:03:24.627  INFO 7288 --- [main] .s.d.r.c.RepositoryConfigurationDelegate : Finished Spring Data repository scanning in 138 ms. Found 3 JPA repository interfaces.
2023-06-27 12:03:26.319  INFO 7288 --- [main] o.s.b.w.embedded.tomcat.TomcatWebServer  : Tomcat initialized with port(s): 8080 (http)
2023-06-27 12:03:26.351  INFO 7288 --- [main] o.apache.catalina.core.StandardService   : Starting service [Tomcat]
2023-06-27 12:03:26.361  INFO 7288 --- [main] org.apache.catalina.core.StandardEngine  : Starting Servlet engine: [Apache Tomcat/9.0.63]
2023-06-27 12:03:26.670  INFO 7288 --- [main] o.a.c.c.C.[Tomcat].[localhost].[/]       : Initializing Spring embedded WebApplicationContext
2023-06-27 12:03:26.672  INFO 7288 --- [main] w.s.c.ServletWebServerApplicationContext : Root WebApplicationContext: initialization completed in 4042 ms
2023-06-27 12:03:37.002  INFO 3444 --- [main] com.demo.demo_project.App                : Starting App using Java 17.0.7 on LAPTOP-QMCP9GI7 with PID 3444 (C:\Users\kidfl\OneDrive - University of Cape Town\Documents\eclipse workspace\demo-project\target\classes started by Delicia in C:\Users\kidfl\OneDrive - University of Cape Town\Documents\eclipse workspace\demo-project)
2023-06-27 12:03:37.007  INFO 3444 --- [main] com.demo.demo_project.App                : No active profile set, falling back to 1 default profile: "default"
2023-06-27 12:03:38.334  INFO 3444 --- [main] .s.d.r.c.RepositoryConfigurationDelegate : Bootstrapping Spring Data JPA repositories in DEFAULT mode.
2023-06-27 12:03:38.478  INFO 3444 --- [main] .s.d.r.c.RepositoryConfigurationDelegate : Finished Spring Data repository scanning in 96 ms. Found 3 JPA repository interfaces.
2023-06-27 12:03:39.929  INFO 3444 --- [main] o.s.b.w.embedded.tomcat.TomcatWebServer  : Tomcat initialized with port(s): 8080 (http)
2023-06-27 12:03:39.968  INFO 3444 --- [main] o.apache.catalina.core.StandardService   : Starting service [Tomcat]
2023-06-27 12:03:39.969  INFO 3444 --- [main] org.apache.catalina.core.StandardEngine  : Starting Servlet engine: [Apache Tomcat/9.0.63]
2023-06-27 12:03:40.230  INFO 3444 --- [main] o.a.c.c.C.[Tomcat].[localhost].[/]       : Initializing Spring embedded WebApplicationContext
2023-06-27 12:03:40.232  INFO 3444 --- [main] w.s.c.ServletWebServerApplicationContext : Root WebApplicationContext: initialization completed in 3066 ms
2023-06-27 12:03:40.687  INFO 3444 --- [main] com.zaxxer.hikari.HikariDataSource       : HikariPool-1 - Starting...
2023-06-27 12:03:41.290  INFO 3444 --- [main] com.zaxxer.hikari.HikariDataSource       : HikariPool-1 - Start completed.
2023-06-27 12:03:41.412  INFO 3444 --- [main] o.hibernate.jpa.internal.util.LogHelper  : HHH000204: Processing PersistenceUnitInfo [name: default]
2023-06-27 12:03:41.583  INFO 3444 --- [main] org.hibernate.Version                    : HHH000412: Hibernate ORM core version 5.4.33
2023-06-27 12:03:41.954  INFO 3444 --- [main] o.hibernate.annotations.common.Version   : HCANN000001: Hibernate Commons Annotations {5.1.2.Final}
2023-06-27 12:03:42.187  INFO 3444 --- [main] org.hibernate.dialect.Dialect            : HHH000400: Using dialect: org.hibernate.dialect.MySQL8Dialect
2023-06-27 12:03:43.080  INFO 3444 --- [main] o.h.e.t.j.p.i.JtaPlatformInitiator       : HHH000490: Using JtaPlatform implementation: [org.hibernate.engine.transaction.jta.platform.internal.NoJtaPlatform]
2023-06-27 12:03:43.097  INFO 3444 --- [main] j.LocalContainerEntityManagerFactoryBean : Initialized JPA EntityManagerFactory for persistence unit 'default'
2023-06-27 12:03:44.334  WARN 3444 --- [main] JpaBaseConfiguration$JpaWebConfiguration : spring.jpa.open-in-view is enabled by default. Therefore, database queries may be performed during view rendering. Explicitly configure spring.jpa.open-in-view to disable this warning
2023-06-27 12:03:44.680  INFO 3444 --- [main] pertySourcedRequestMappingHandlerMapping : Mapped URL path [/v2/api-docs] onto method [springfox.documentation.swagger2.web.Swagger2Controller#getDocumentation(String, HttpServletRequest)]
2023-06-27 12:03:45.319  WARN 3444 --- [main] ConfigServletWebServerApplicationContext : Exception encountered during context initialization - cancelling refresh attempt: org.springframework.context.ApplicationContextException: Failed to start bean 'webServerStartStop'; nested exception is org.springframework.boot.web.server.PortInUseException: Port 8080 is already in use
2023-06-27 12:03:45.331  INFO 3444 --- [main] j.LocalContainerEntityManagerFactoryBean : Closing JPA EntityManagerFactory for persistence unit 'default'
2023-06-27 12:03:45.346  INFO 3444 --- [main] com.zaxxer.hikari.HikariDataSource       : HikariPool-1 - Shutdown initiated...
2023-06-27 12:03:45.398  INFO 3444 --- [main] com.zaxxer.hikari.HikariDataSource       : HikariPool-1 - Shutdown completed.
2023-06-27 12:03:45.408  INFO 3444 --- [main] o.apache.catalina.core.StandardService   : Stopping service [Tomcat]
2023-06-27 12:03:45.448  INFO 3444 --- [main] ConditionEvaluationReportLoggingListener : 

Error starting ApplicationContext. To display the conditions report re-run your application with 'debug' enabled.
2023-06-27 12:03:45.506 ERROR 3444 --- [main] o.s.b.d.LoggingFailureAnalysisReporter   : 

***************************
APPLICATION FAILED TO START
***************************

Description:

Web server failed to start. Port 8080 was already in use.

Action:

Identify and stop the process that's listening on port 8080 or configure this application to listen on another port.

2023-06-27 14:22:43.122  WARN 14764 --- [HikariPool-1 housekeeper] com.zaxxer.hikari.pool.HikariPool        : HikariPool-1 - Thread starvation or clock leap detected (housekeeper delta=36m7s673ms897µs900ns).
2023-06-27 15:12:52.042  INFO 11300 --- [main] com.demo.demo_project.App                : Starting App using Java 17.0.7 on LAPTOP-QMCP9GI7 with PID 11300 (C:\Users\kidfl\OneDrive - University of Cape Town\Documents\eclipse workspace\demo-project\target\classes started by Delicia in C:\Users\kidfl\OneDrive - University of Cape Town\Documents\eclipse workspace\demo-project)
2023-06-27 15:12:52.261  INFO 11300 --- [main] com.demo.demo_project.App                : No active profile set, falling back to 1 default profile: "default"
2023-06-27 15:12:54.591  INFO 11300 --- [main] .s.d.r.c.RepositoryConfigurationDelegate : Bootstrapping Spring Data JPA repositories in DEFAULT mode.
2023-06-27 15:12:54.871  INFO 11300 --- [main] .s.d.r.c.RepositoryConfigurationDelegate : Finished Spring Data repository scanning in 229 ms. Found 3 JPA repository interfaces.
2023-06-27 15:12:57.255  INFO 11300 --- [main] o.s.b.w.embedded.tomcat.TomcatWebServer  : Tomcat initialized with port(s): 8080 (http)
2023-06-27 15:12:57.319  INFO 11300 --- [main] o.apache.catalina.core.StandardService   : Starting service [Tomcat]
2023-06-27 15:12:57.324  INFO 11300 --- [main] org.apache.catalina.core.StandardEngine  : Starting Servlet engine: [Apache Tomcat/9.0.63]
2023-06-27 15:12:57.589  INFO 11300 --- [main] o.a.c.c.C.[Tomcat].[localhost].[/]       : Initializing Spring embedded WebApplicationContext
2023-06-27 15:12:57.600  INFO 11300 --- [main] w.s.c.ServletWebServerApplicationContext : Root WebApplicationContext: initialization completed in 5089 ms
2023-06-27 15:12:58.189  INFO 11300 --- [main] com.zaxxer.hikari.HikariDataSource       : HikariPool-1 - Starting...
2023-06-27 15:12:59.053  INFO 11300 --- [main] com.zaxxer.hikari.HikariDataSource       : HikariPool-1 - Start completed.
2023-06-27 15:12:59.543  INFO 11300 --- [main] o.hibernate.jpa.internal.util.LogHelper  : HHH000204: Processing PersistenceUnitInfo [name: default]
2023-06-27 15:12:59.909  INFO 11300 --- [main] org.hibernate.Version                    : HHH000412: Hibernate ORM core version 5.4.33
2023-06-27 15:13:00.328  INFO 11300 --- [main] o.hibernate.annotations.common.Version   : HCANN000001: Hibernate Commons Annotations {5.1.2.Final}
2023-06-27 15:13:00.734  INFO 11300 --- [main] org.hibernate.dialect.Dialect            : HHH000400: Using dialect: org.hibernate.dialect.MySQL8Dialect
2023-06-27 15:13:02.139  INFO 11300 --- [main] o.h.e.t.j.p.i.JtaPlatformInitiator       : HHH000490: Using JtaPlatform implementation: [org.hibernate.engine.transaction.jta.platform.internal.NoJtaPlatform]
2023-06-27 15:13:02.155  INFO 11300 --- [main] j.LocalContainerEntityManagerFactoryBean : Initialized JPA EntityManagerFactory for persistence unit 'default'
2023-06-27 15:13:04.315  WARN 11300 --- [main] JpaBaseConfiguration$JpaWebConfiguration : spring.jpa.open-in-view is enabled by default. Therefore, database queries may be performed during view rendering. Explicitly configure spring.jpa.open-in-view to disable this warning
2023-06-27 15:13:04.935  INFO 11300 --- [main] pertySourcedRequestMappingHandlerMapping : Mapped URL path [/v2/api-docs] onto method [springfox.documentation.swagger2.web.Swagger2Controller#getDocumentation(String, HttpServletRequest)]
2023-06-27 15:13:05.974  WARN 11300 --- [main] ConfigServletWebServerApplicationContext : Exception encountered during context initialization - cancelling refresh attempt: org.springframework.context.ApplicationContextException: Failed to start bean 'webServerStartStop'; nested exception is org.springframework.boot.web.server.PortInUseException: Port 8080 is already in use
2023-06-27 15:13:05.984  INFO 11300 --- [main] j.LocalContainerEntityManagerFactoryBean : Closing JPA EntityManagerFactory for persistence unit 'default'
2023-06-27 15:13:05.988  INFO 11300 --- [main] com.zaxxer.hikari.HikariDataSource       : HikariPool-1 - Shutdown initiated...
2023-06-27 15:13:06.075  INFO 11300 --- [main] com.zaxxer.hikari.HikariDataSource       : HikariPool-1 - Shutdown completed.
2023-06-27 15:13:06.084  INFO 11300 --- [main] o.apache.catalina.core.StandardService   : Stopping service [Tomcat]
2023-06-27 15:13:06.162  INFO 11300 --- [main] ConditionEvaluationReportLoggingListener : 

Error starting ApplicationContext. To display the conditions report re-run your application with 'debug' enabled.
2023-06-27 15:13:06.246 ERROR 11300 --- [main] o.s.b.d.LoggingFailureAnalysisReporter   : 

***************************
APPLICATION FAILED TO START
***************************

Description:

Web server failed to start. Port 8080 was already in use.

Action:

Identify and stop the process that's listening on port 8080 or configure this application to listen on another port.

2023-06-27 15:13:18.200  INFO 20408 --- [main] com.demo.demo_project.App                : Starting App using Java 17.0.7 on LAPTOP-QMCP9GI7 with PID 20408 (C:\Users\kidfl\OneDrive - University of Cape Town\Documents\eclipse workspace\demo-project\target\classes started by Delicia in C:\Users\kidfl\OneDrive - University of Cape Town\Documents\eclipse workspace\demo-project)
2023-06-27 15:13:18.207  INFO 20408 --- [main] com.demo.demo_project.App                : No active profile set, falling back to 1 default profile: "default"
2023-06-27 15:13:20.167  INFO 20408 --- [main] .s.d.r.c.RepositoryConfigurationDelegate : Bootstrapping Spring Data JPA repositories in DEFAULT mode.
2023-06-27 15:13:20.389  INFO 20408 --- [main] .s.d.r.c.RepositoryConfigurationDelegate : Finished Spring Data repository scanning in 168 ms. Found 3 JPA repository interfaces.
2023-06-27 15:13:22.351  INFO 20408 --- [main] o.s.b.w.embedded.tomcat.TomcatWebServer  : Tomcat initialized with port(s): 8080 (http)
2023-06-27 15:13:22.461  INFO 20408 --- [main] o.apache.catalina.core.StandardService   : Starting service [Tomcat]
2023-06-27 15:13:22.464  INFO 20408 --- [main] org.apache.catalina.core.StandardEngine  : Starting Servlet engine: [Apache Tomcat/9.0.63]
2023-06-27 15:13:22.748  INFO 20408 --- [main] o.a.c.c.C.[Tomcat].[localhost].[/]       : Initializing Spring embedded WebApplicationContext
2023-06-27 15:13:22.749  INFO 20408 --- [main] w.s.c.ServletWebServerApplicationContext : Root WebApplicationContext: initialization completed in 4348 ms
2023-06-27 15:13:23.256  INFO 20408 --- [main] com.zaxxer.hikari.HikariDataSource       : HikariPool-1 - Starting...
2023-06-27 15:13:23.844  INFO 20408 --- [main] com.zaxxer.hikari.HikariDataSource       : HikariPool-1 - Start completed.
2023-06-27 15:13:24.034  INFO 20408 --- [main] o.hibernate.jpa.internal.util.LogHelper  : HHH000204: Processing PersistenceUnitInfo [name: default]
2023-06-27 15:13:24.332  INFO 20408 --- [main] org.hibernate.Version                    : HHH000412: Hibernate ORM core version 5.4.33
2023-06-27 15:13:24.543  INFO 20408 --- [main] o.hibernate.annotations.common.Version   : HCANN000001: Hibernate Commons Annotations {5.1.2.Final}
2023-06-27 15:13:24.783  INFO 20408 --- [main] org.hibernate.dialect.Dialect            : HHH000400: Using dialect: org.hibernate.dialect.MySQL8Dialect
2023-06-27 15:13:25.740  INFO 20408 --- [main] o.h.e.t.j.p.i.JtaPlatformInitiator       : HHH000490: Using JtaPlatform implementation: [org.hibernate.engine.transaction.jta.platform.internal.NoJtaPlatform]
2023-06-27 15:13:25.772  INFO 20408 --- [main] j.LocalContainerEntityManagerFactoryBean : Initialized JPA EntityManagerFactory for persistence unit 'default'
2023-06-27 15:13:27.423  WARN 20408 --- [main] JpaBaseConfiguration$JpaWebConfiguration : spring.jpa.open-in-view is enabled by default. Therefore, database queries may be performed during view rendering. Explicitly configure spring.jpa.open-in-view to disable this warning
2023-06-27 15:13:27.949  INFO 20408 --- [main] pertySourcedRequestMappingHandlerMapping : Mapped URL path [/v2/api-docs] onto method [springfox.documentation.swagger2.web.Swagger2Controller#getDocumentation(String, HttpServletRequest)]
2023-06-27 15:13:28.952  INFO 20408 --- [main] o.s.b.w.embedded.tomcat.TomcatWebServer  : Tomcat started on port(s): 8080 (http) with context path ''
2023-06-27 15:13:28.957  INFO 20408 --- [main] d.s.w.p.DocumentationPluginsBootstrapper : Context refreshed
2023-06-27 15:13:29.099  INFO 20408 --- [main] d.s.w.p.DocumentationPluginsBootstrapper : Found 1 custom documentation plugin(s)
2023-06-27 15:13:29.309  INFO 20408 --- [main] s.d.s.w.s.ApiListingReferenceScanner     : Scanning for api listing references
2023-06-27 15:13:29.931  INFO 20408 --- [main] com.demo.demo_project.App                : Started App in 12.357 seconds (JVM running for 13.435)
2023-06-27 15:13:41.757  INFO 20408 --- [http-nio-8080-exec-2] o.a.c.c.C.[Tomcat].[localhost].[/]       : Initializing Spring DispatcherServlet 'dispatcherServlet'
2023-06-27 15:13:41.757  INFO 20408 --- [http-nio-8080-exec-2] o.s.web.servlet.DispatcherServlet        : Initializing Servlet 'dispatcherServlet'
2023-06-27 15:13:41.760  INFO 20408 --- [http-nio-8080-exec-2] o.s.web.servlet.DispatcherServlet        : Completed initialization in 2 ms
2023-06-27 15:13:41.855 ERROR 20408 --- [http-nio-8080-exec-2] c.demo.demo_project.api.homeController   : Inside error
2023-06-27 15:13:41.855  INFO 20408 --- [http-nio-8080-exec-2] c.demo.demo_project.api.homeController   : Inside info
2023-06-27 15:13:41.855 TRACE 20408 --- [http-nio-8080-exec-2] c.demo.demo_project.api.homeController   : Inside trace
2023-06-27 15:13:41.856  WARN 20408 --- [http-nio-8080-exec-2] c.demo.demo_project.api.homeController   : Inside warnings
2023-06-27 15:13:41.856 DEBUG 20408 --- [http-nio-8080-exec-2] c.demo.demo_project.api.homeController   : Inside debug
2023-06-27 15:13:42.309  WARN 20408 --- [http-nio-8080-exec-2] o.h.engine.jdbc.spi.SqlExceptionHelper   : SQL Error: 1054, SQLState: 42S22
2023-06-27 15:13:42.309 ERROR 20408 --- [http-nio-8080-exec-2] o.h.engine.jdbc.spi.SqlExceptionHelper   : Unknown column 'subjects0_.marks_obtained' in 'field list'
2023-06-27 15:13:42.321  WARN 20408 --- [http-nio-8080-exec-2] .w.s.m.s.DefaultHandlerExceptionResolver : Resolved [org.springframework.http.converter.HttpMessageNotWritableException: Could not write JSON: could not extract ResultSet; nested exception is com.fasterxml.jackson.databind.JsonMappingException: could not extract ResultSet (through reference chain: java.util.ArrayList[0]->com.demo.demo_project.entity.StudentsInfo["subjects"])]
2023-06-27 15:18:13.783  INFO 1324 --- [main] com.demo.demo_project.App                : Starting App using Java 17.0.7 on LAPTOP-QMCP9GI7 with PID 1324 (C:\Users\kidfl\OneDrive - University of Cape Town\Documents\eclipse workspace\demo-project\target\classes started by Delicia in C:\Users\kidfl\OneDrive - University of Cape Town\Documents\eclipse workspace\demo-project)
2023-06-27 15:18:13.813  INFO 1324 --- [main] com.demo.demo_project.App                : No active profile set, falling back to 1 default profile: "default"
2023-06-27 15:18:16.337  INFO 1324 --- [main] .s.d.r.c.RepositoryConfigurationDelegate : Bootstrapping Spring Data JPA repositories in DEFAULT mode.
2023-06-27 15:18:16.598  INFO 1324 --- [main] .s.d.r.c.RepositoryConfigurationDelegate : Finished Spring Data repository scanning in 229 ms. Found 3 JPA repository interfaces.
2023-06-27 15:18:18.780  INFO 1324 --- [main] o.s.b.w.embedded.tomcat.TomcatWebServer  : Tomcat initialized with port(s): 8080 (http)
2023-06-27 15:18:18.829  INFO 1324 --- [main] o.apache.catalina.core.StandardService   : Starting service [Tomcat]
2023-06-27 15:18:18.831  INFO 1324 --- [main] org.apache.catalina.core.StandardEngine  : Starting Servlet engine: [Apache Tomcat/9.0.63]
2023-06-27 15:18:19.132  INFO 1324 --- [main] o.a.c.c.C.[Tomcat].[localhost].[/]       : Initializing Spring embedded WebApplicationContext
2023-06-27 15:18:19.133  INFO 1324 --- [main] w.s.c.ServletWebServerApplicationContext : Root WebApplicationContext: initialization completed in 5039 ms
2023-06-27 15:18:19.930  INFO 1324 --- [main] com.zaxxer.hikari.HikariDataSource       : HikariPool-1 - Starting...
2023-06-27 15:18:20.803  INFO 1324 --- [main] com.zaxxer.hikari.HikariDataSource       : HikariPool-1 - Start completed.
2023-06-27 15:18:21.146  INFO 1324 --- [main] o.hibernate.jpa.internal.util.LogHelper  : HHH000204: Processing PersistenceUnitInfo [name: default]
2023-06-27 15:18:21.483  INFO 1324 --- [main] org.hibernate.Version                    : HHH000412: Hibernate ORM core version 5.4.33
2023-06-27 15:18:21.979  INFO 1324 --- [main] o.hibernate.annotations.common.Version   : HCANN000001: Hibernate Commons Annotations {5.1.2.Final}
2023-06-27 15:18:22.465  INFO 1324 --- [main] org.hibernate.dialect.Dialect            : HHH000400: Using dialect: org.hibernate.dialect.MySQL8Dialect
2023-06-27 15:18:24.329  INFO 1324 --- [main] o.h.e.t.j.p.i.JtaPlatformInitiator       : HHH000490: Using JtaPlatform implementation: [org.hibernate.engine.transaction.jta.platform.internal.NoJtaPlatform]
2023-06-27 15:18:24.393  INFO 1324 --- [main] j.LocalContainerEntityManagerFactoryBean : Initialized JPA EntityManagerFactory for persistence unit 'default'
2023-06-27 15:18:35.326  WARN 1324 --- [main] JpaBaseConfiguration$JpaWebConfiguration : spring.jpa.open-in-view is enabled by default. Therefore, database queries may be performed during view rendering. Explicitly configure spring.jpa.open-in-view to disable this warning
2023-06-27 15:18:35.977  INFO 1324 --- [main] pertySourcedRequestMappingHandlerMapping : Mapped URL path [/v2/api-docs] onto method [springfox.documentation.swagger2.web.Swagger2Controller#getDocumentation(String, HttpServletRequest)]
2023-06-27 15:18:37.074  INFO 1324 --- [main] o.s.b.w.embedded.tomcat.TomcatWebServer  : Tomcat started on port(s): 8080 (http) with context path ''
2023-06-27 15:18:37.080  INFO 1324 --- [main] d.s.w.p.DocumentationPluginsBootstrapper : Context refreshed
2023-06-27 15:18:37.306  INFO 1324 --- [main] d.s.w.p.DocumentationPluginsBootstrapper : Found 1 custom documentation plugin(s)
2023-06-27 15:18:37.503  INFO 1324 --- [main] s.d.s.w.s.ApiListingReferenceScanner     : Scanning for api listing references
2023-06-27 15:18:38.055  INFO 1324 --- [main] com.demo.demo_project.App                : Started App in 25.272 seconds (JVM running for 26.8)
2023-06-27 15:19:37.996  INFO 1324 --- [http-nio-8080-exec-1] o.a.c.c.C.[Tomcat].[localhost].[/]       : Initializing Spring DispatcherServlet 'dispatcherServlet'
2023-06-27 15:19:37.997  INFO 1324 --- [http-nio-8080-exec-1] o.s.web.servlet.DispatcherServlet        : Initializing Servlet 'dispatcherServlet'
2023-06-27 15:19:38.000  INFO 1324 --- [http-nio-8080-exec-1] o.s.web.servlet.DispatcherServlet        : Completed initialization in 3 ms
2023-06-27 15:20:17.360 ERROR 1324 --- [http-nio-8080-exec-1] c.demo.demo_project.api.homeController   : Inside error
2023-06-27 15:20:17.362  INFO 1324 --- [http-nio-8080-exec-1] c.demo.demo_project.api.homeController   : Inside info
2023-06-27 15:20:17.362 TRACE 1324 --- [http-nio-8080-exec-1] c.demo.demo_project.api.homeController   : Inside trace
2023-06-27 15:20:17.362  WARN 1324 --- [http-nio-8080-exec-1] c.demo.demo_project.api.homeController   : Inside warnings
2023-06-27 15:20:17.362 DEBUG 1324 --- [http-nio-8080-exec-1] c.demo.demo_project.api.homeController   : Inside debug
2023-06-27 15:24:08.082  WARN 1324 --- [http-nio-8080-exec-1] o.h.engine.jdbc.spi.SqlExceptionHelper   : SQL Error: 1054, SQLState: 42S22
2023-06-27 15:24:08.085 ERROR 1324 --- [http-nio-8080-exec-1] o.h.engine.jdbc.spi.SqlExceptionHelper   : Unknown column 'subjects0_.marks_obtained' in 'field list'
2023-06-27 15:24:30.999  WARN 1324 --- [http-nio-8080-exec-1] o.h.engine.jdbc.spi.SqlExceptionHelper   : SQL Error: 1054, SQLState: 42S22
2023-06-27 15:24:31.000 ERROR 1324 --- [http-nio-8080-exec-1] o.h.engine.jdbc.spi.SqlExceptionHelper   : Unknown column 'subjects0_.marks_obtained' in 'field list'
2023-06-27 15:27:11.677  WARN 1324 --- [http-nio-8080-exec-1] o.h.engine.jdbc.spi.SqlExceptionHelper   : SQL Error: 1054, SQLState: 42S22
2023-06-27 15:27:11.678 ERROR 1324 --- [http-nio-8080-exec-1] o.h.engine.jdbc.spi.SqlExceptionHelper   : Unknown column 'subjects0_.marks_obtained' in 'field list'
2023-06-27 15:27:11.698  WARN 1324 --- [http-nio-8080-exec-1] .w.s.m.s.DefaultHandlerExceptionResolver : Resolved [org.springframework.http.converter.HttpMessageNotWritableException: Could not write JSON: could not extract ResultSet; nested exception is com.fasterxml.jackson.databind.JsonMappingException: could not extract ResultSet (through reference chain: java.util.ArrayList[0]->com.demo.demo_project.entity.StudentsInfo["subjects"])]
2023-06-27 15:35:27.924  INFO 3940 --- [main] com.demo.demo_project.App                : Starting App using Java 17.0.7 on LAPTOP-QMCP9GI7 with PID 3940 (C:\Users\kidfl\OneDrive - University of Cape Town\Documents\eclipse workspace\demo-project\target\classes started by Delicia in C:\Users\kidfl\OneDrive - University of Cape Town\Documents\eclipse workspace\demo-project)
2023-06-27 15:35:27.929  INFO 3940 --- [main] com.demo.demo_project.App                : No active profile set, falling back to 1 default profile: "default"
2023-06-27 15:35:29.554  INFO 3940 --- [main] .s.d.r.c.RepositoryConfigurationDelegate : Bootstrapping Spring Data JPA repositories in DEFAULT mode.
2023-06-27 15:35:29.807  INFO 3940 --- [main] .s.d.r.c.RepositoryConfigurationDelegate : Finished Spring Data repository scanning in 140 ms. Found 3 JPA repository interfaces.
2023-06-27 15:35:31.304  INFO 3940 --- [main] o.s.b.w.embedded.tomcat.TomcatWebServer  : Tomcat initialized with port(s): 8080 (http)
2023-06-27 15:35:31.334  INFO 3940 --- [main] o.apache.catalina.core.StandardService   : Starting service [Tomcat]
2023-06-27 15:35:31.336  INFO 3940 --- [main] org.apache.catalina.core.StandardEngine  : Starting Servlet engine: [Apache Tomcat/9.0.63]
2023-06-27 15:35:31.564  INFO 3940 --- [main] o.a.c.c.C.[Tomcat].[localhost].[/]       : Initializing Spring embedded WebApplicationContext
2023-06-27 15:35:31.566  INFO 3940 --- [main] w.s.c.ServletWebServerApplicationContext : Root WebApplicationContext: initialization completed in 3504 ms
2023-06-27 15:35:32.012  INFO 3940 --- [main] com.zaxxer.hikari.HikariDataSource       : HikariPool-1 - Starting...
2023-06-27 15:35:32.588  INFO 3940 --- [main] com.zaxxer.hikari.HikariDataSource       : HikariPool-1 - Start completed.
2023-06-27 15:35:32.758  INFO 3940 --- [main] o.hibernate.jpa.internal.util.LogHelper  : HHH000204: Processing PersistenceUnitInfo [name: default]
2023-06-27 15:35:33.027  INFO 3940 --- [main] org.hibernate.Version                    : HHH000412: Hibernate ORM core version 5.4.33
2023-06-27 15:35:33.247 ERROR 3940 --- [main] j.LocalContainerEntityManagerFactoryBean : Failed to initialize JPA EntityManagerFactory: Unable to resolve name [org.hibernate.boot.model.naming.ImplicitNamingStrategyLegacyJpaImpl ] as strategy [org.hibernate.boot.model.naming.ImplicitNamingStrategy]
2023-06-27 15:35:33.248  WARN 3940 --- [main] ConfigServletWebServerApplicationContext : Exception encountered during context initialization - cancelling refresh attempt: org.springframework.beans.factory.BeanCreationException: Error creating bean with name 'entityManagerFactory' defined in class path resource [org/springframework/boot/autoconfigure/orm/jpa/HibernateJpaConfiguration.class]: Invocation of init method failed; nested exception is org.hibernate.boot.registry.selector.spi.StrategySelectionException: Unable to resolve name [org.hibernate.boot.model.naming.ImplicitNamingStrategyLegacyJpaImpl ] as strategy [org.hibernate.boot.model.naming.ImplicitNamingStrategy]
2023-06-27 15:35:33.248  INFO 3940 --- [main] com.zaxxer.hikari.HikariDataSource       : HikariPool-1 - Shutdown initiated...
2023-06-27 15:35:33.269  INFO 3940 --- [main] com.zaxxer.hikari.HikariDataSource       : HikariPool-1 - Shutdown completed.
2023-06-27 15:35:33.274  INFO 3940 --- [main] o.apache.catalina.core.StandardService   : Stopping service [Tomcat]
2023-06-27 15:35:33.297  INFO 3940 --- [main] ConditionEvaluationReportLoggingListener : 

Error starting ApplicationContext. To display the conditions report re-run your application with 'debug' enabled.
2023-06-27 15:35:33.335 ERROR 3940 --- [main] o.s.boot.SpringApplication               : Application run failed

org.springframework.beans.factory.BeanCreationException: Error creating bean with name 'entityManagerFactory' defined in class path resource [org/springframework/boot/autoconfigure/orm/jpa/HibernateJpaConfiguration.class]: Invocation of init method failed; nested exception is org.hibernate.boot.registry.selector.spi.StrategySelectionException: Unable to resolve name [org.hibernate.boot.model.naming.ImplicitNamingStrategyLegacyJpaImpl ] as strategy [org.hibernate.boot.model.naming.ImplicitNamingStrategy]
	at org.springframework.beans.factory.support.AbstractAutowireCapableBeanFactory.initializeBean(AbstractAutowireCapableBeanFactory.java:1804) ~[spring-beans-5.3.20.jar:5.3.20]
	at org.springframework.beans.factory.support.AbstractAutowireCapableBeanFactory.doCreateBean(AbstractAutowireCapableBeanFactory.java:620) ~[spring-beans-5.3.20.jar:5.3.20]
	at org.springframework.beans.factory.support.AbstractAutowireCapableBeanFactory.createBean(AbstractAutowireCapableBeanFactory.java:542) ~[spring-beans-5.3.20.jar:5.3.20]
	at org.springframework.beans.factory.support.AbstractBeanFactory.lambda$doGetBean$0(AbstractBeanFactory.java:335) ~[spring-beans-5.3.20.jar:5.3.20]
	at org.springframework.beans.factory.support.DefaultSingletonBeanRegistry.getSingleton(DefaultSingletonBeanRegistry.java:234) ~[spring-beans-5.3.20.jar:5.3.20]
	at org.springframework.beans.factory.support.AbstractBeanFactory.doGetBean(AbstractBeanFactory.java:333) ~[spring-beans-5.3.20.jar:5.3.20]
	at org.springframework.beans.factory.support.AbstractBeanFactory.getBean(AbstractBeanFactory.java:208) ~[spring-beans-5.3.20.jar:5.3.20]
	at org.springframework.context.support.AbstractApplicationContext.getBean(AbstractApplicationContext.java:1154) ~[spring-context-5.3.20.jar:5.3.20]
	at org.springframework.context.support.AbstractApplicationContext.finishBeanFactoryInitialization(AbstractApplicationContext.java:908) ~[spring-context-5.3.20.jar:5.3.20]
	at org.springframework.context.support.AbstractApplicationContext.refresh(AbstractApplicationContext.java:583) ~[spring-context-5.3.20.jar:5.3.20]
	at org.springframework.boot.web.servlet.context.ServletWebServerApplicationContext.refresh(ServletWebServerApplicationContext.java:145) ~[spring-boot-2.5.14.jar:2.5.14]
	at org.springframework.boot.SpringApplication.refresh(SpringApplication.java:780) ~[spring-boot-2.5.14.jar:2.5.14]
	at org.springframework.boot.SpringApplication.refreshContext(SpringApplication.java:453) ~[spring-boot-2.5.14.jar:2.5.14]
	at org.springframework.boot.SpringApplication.run(SpringApplication.java:343) ~[spring-boot-2.5.14.jar:2.5.14]
	at org.springframework.boot.SpringApplication.run(SpringApplication.java:1370) ~[spring-boot-2.5.14.jar:2.5.14]
	at org.springframework.boot.SpringApplication.run(SpringApplication.java:1359) ~[spring-boot-2.5.14.jar:2.5.14]
	at com.demo.demo_project.App.main(App.java:18) ~[classes/:na]
Caused by: org.hibernate.boot.registry.selector.spi.StrategySelectionException: Unable to resolve name [org.hibernate.boot.model.naming.ImplicitNamingStrategyLegacyJpaImpl ] as strategy [org.hibernate.boot.model.naming.ImplicitNamingStrategy]
	at org.hibernate.boot.registry.selector.internal.StrategySelectorImpl.selectStrategyImplementor(StrategySelectorImpl.java:156) ~[hibernate-core-5.4.33.jar:5.4.33]
	at org.hibernate.boot.registry.selector.internal.StrategySelectorImpl.resolveStrategy(StrategySelectorImpl.java:239) ~[hibernate-core-5.4.33.jar:5.4.33]
	at org.hibernate.boot.registry.selector.internal.StrategySelectorImpl.resolveDefaultableStrategy(StrategySelectorImpl.java:183) ~[hibernate-core-5.4.33.jar:5.4.33]
	at org.hibernate.boot.internal.MetadataBuilderImpl$MetadataBuildingOptionsImpl.<init>(MetadataBuilderImpl.java:718) ~[hibernate-core-5.4.33.jar:5.4.33]
	at org.hibernate.boot.internal.MetadataBuilderImpl.<init>(MetadataBuilderImpl.java:123) ~[hibernate-core-5.4.33.jar:5.4.33]
	at org.hibernate.boot.MetadataSources.getMetadataBuilder(MetadataSources.java:158) ~[hibernate-core-5.4.33.jar:5.4.33]
	at org.hibernate.jpa.boot.internal.EntityManagerFactoryBuilderImpl.<init>(EntityManagerFactoryBuilderImpl.java:238) ~[hibernate-core-5.4.33.jar:5.4.33]
	at org.hibernate.jpa.boot.internal.EntityManagerFactoryBuilderImpl.<init>(EntityManagerFactoryBuilderImpl.java:168) ~[hibernate-core-5.4.33.jar:5.4.33]
	at org.springframework.orm.jpa.vendor.SpringHibernateJpaPersistenceProvider.createContainerEntityManagerFactory(SpringHibernateJpaPersistenceProvider.java:52) ~[spring-orm-5.3.20.jar:5.3.20]
	at org.springframework.orm.jpa.LocalContainerEntityManagerFactoryBean.createNativeEntityManagerFactory(LocalContainerEntityManagerFactoryBean.java:365) ~[spring-orm-5.3.20.jar:5.3.20]
	at org.springframework.orm.jpa.AbstractEntityManagerFactoryBean.buildNativeEntityManagerFactory(AbstractEntityManagerFactoryBean.java:409) ~[spring-orm-5.3.20.jar:5.3.20]
	at org.springframework.orm.jpa.AbstractEntityManagerFactoryBean.afterPropertiesSet(AbstractEntityManagerFactoryBean.java:396) ~[spring-orm-5.3.20.jar:5.3.20]
	at org.springframework.orm.jpa.LocalContainerEntityManagerFactoryBean.afterPropertiesSet(LocalContainerEntityManagerFactoryBean.java:341) ~[spring-orm-5.3.20.jar:5.3.20]
	at org.springframework.beans.factory.support.AbstractAutowireCapableBeanFactory.invokeInitMethods(AbstractAutowireCapableBeanFactory.java:1863) ~[spring-beans-5.3.20.jar:5.3.20]
	at org.springframework.beans.factory.support.AbstractAutowireCapableBeanFactory.initializeBean(AbstractAutowireCapableBeanFactory.java:1800) ~[spring-beans-5.3.20.jar:5.3.20]
	... 16 common frames omitted
Caused by: org.hibernate.boot.registry.classloading.spi.ClassLoadingException: Unable to load class [org.hibernate.boot.model.naming.ImplicitNamingStrategyLegacyJpaImpl ]
	at org.hibernate.boot.registry.classloading.internal.ClassLoaderServiceImpl.classForName(ClassLoaderServiceImpl.java:133) ~[hibernate-core-5.4.33.jar:5.4.33]
	at org.hibernate.boot.registry.selector.internal.StrategySelectorImpl.selectStrategyImplementor(StrategySelectorImpl.java:152) ~[hibernate-core-5.4.33.jar:5.4.33]
	... 30 common frames omitted
Caused by: java.lang.ClassNotFoundException: Could not load requested class : org.hibernate.boot.model.naming.ImplicitNamingStrategyLegacyJpaImpl 
	at org.hibernate.boot.registry.classloading.internal.AggregatedClassLoader.findClass(AggregatedClassLoader.java:210) ~[hibernate-core-5.4.33.jar:5.4.33]
	at java.base/java.lang.ClassLoader.loadClass(ClassLoader.java:587) ~[na:na]
	at java.base/java.lang.ClassLoader.loadClass(ClassLoader.java:520) ~[na:na]
	at java.base/java.lang.Class.forName0(Native Method) ~[na:na]
	at java.base/java.lang.Class.forName(Class.java:467) ~[na:na]
	at org.hibernate.boot.registry.classloading.internal.ClassLoaderServiceImpl.classForName(ClassLoaderServiceImpl.java:130) ~[hibernate-core-5.4.33.jar:5.4.33]
	... 31 common frames omitted

2023-06-27 15:38:08.520  INFO 960 --- [main] com.demo.demo_project.App                : Starting App using Java 17.0.7 on LAPTOP-QMCP9GI7 with PID 960 (C:\Users\kidfl\OneDrive - University of Cape Town\Documents\eclipse workspace\demo-project\target\classes started by Delicia in C:\Users\kidfl\OneDrive - University of Cape Town\Documents\eclipse workspace\demo-project)
2023-06-27 15:38:08.551  INFO 960 --- [main] com.demo.demo_project.App                : No active profile set, falling back to 1 default profile: "default"
2023-06-27 15:38:10.191  INFO 960 --- [main] .s.d.r.c.RepositoryConfigurationDelegate : Bootstrapping Spring Data JPA repositories in DEFAULT mode.
2023-06-27 15:38:10.384  INFO 960 --- [main] .s.d.r.c.RepositoryConfigurationDelegate : Finished Spring Data repository scanning in 150 ms. Found 3 JPA repository interfaces.
2023-06-27 15:38:12.622  INFO 960 --- [main] o.s.b.w.embedded.tomcat.TomcatWebServer  : Tomcat initialized with port(s): 8080 (http)
2023-06-27 15:38:12.661  INFO 960 --- [main] o.apache.catalina.core.StandardService   : Starting service [Tomcat]
2023-06-27 15:38:12.662  INFO 960 --- [main] org.apache.catalina.core.StandardEngine  : Starting Servlet engine: [Apache Tomcat/9.0.63]
2023-06-27 15:38:13.021  INFO 960 --- [main] o.a.c.c.C.[Tomcat].[localhost].[/]       : Initializing Spring embedded WebApplicationContext
2023-06-27 15:38:13.022  INFO 960 --- [main] w.s.c.ServletWebServerApplicationContext : Root WebApplicationContext: initialization completed in 4315 ms
2023-06-27 15:38:13.538  INFO 960 --- [main] com.zaxxer.hikari.HikariDataSource       : HikariPool-1 - Starting...
2023-06-27 15:38:14.399  INFO 960 --- [main] com.zaxxer.hikari.HikariDataSource       : HikariPool-1 - Start completed.
2023-06-27 15:38:14.522  INFO 960 --- [main] o.hibernate.jpa.internal.util.LogHelper  : HHH000204: Processing PersistenceUnitInfo [name: default]
2023-06-27 15:38:14.836  INFO 960 --- [main] org.hibernate.Version                    : HHH000412: Hibernate ORM core version 5.4.33
2023-06-27 15:38:15.118  INFO 960 --- [main] o.hibernate.annotations.common.Version   : HCANN000001: Hibernate Commons Annotations {5.1.2.Final}
2023-06-27 15:38:15.409  INFO 960 --- [main] org.hibernate.dialect.Dialect            : HHH000400: Using dialect: org.hibernate.dialect.MySQL8Dialect
2023-06-27 15:38:16.228  INFO 960 --- [main] o.h.e.t.j.p.i.JtaPlatformInitiator       : HHH000490: Using JtaPlatform implementation: [org.hibernate.engine.transaction.jta.platform.internal.NoJtaPlatform]
2023-06-27 15:38:16.241  INFO 960 --- [main] j.LocalContainerEntityManagerFactoryBean : Initialized JPA EntityManagerFactory for persistence unit 'default'
2023-06-27 15:38:17.761  WARN 960 --- [main] JpaBaseConfiguration$JpaWebConfiguration : spring.jpa.open-in-view is enabled by default. Therefore, database queries may be performed during view rendering. Explicitly configure spring.jpa.open-in-view to disable this warning
2023-06-27 15:38:18.081  INFO 960 --- [main] pertySourcedRequestMappingHandlerMapping : Mapped URL path [/v2/api-docs] onto method [springfox.documentation.swagger2.web.Swagger2Controller#getDocumentation(String, HttpServletRequest)]
2023-06-27 15:38:18.719  INFO 960 --- [main] o.s.b.w.embedded.tomcat.TomcatWebServer  : Tomcat started on port(s): 8080 (http) with context path ''
2023-06-27 15:38:18.722  INFO 960 --- [main] d.s.w.p.DocumentationPluginsBootstrapper : Context refreshed
2023-06-27 15:38:18.794  INFO 960 --- [main] d.s.w.p.DocumentationPluginsBootstrapper : Found 1 custom documentation plugin(s)
2023-06-27 15:38:18.857  INFO 960 --- [main] s.d.s.w.s.ApiListingReferenceScanner     : Scanning for api listing references
2023-06-27 15:38:19.173  INFO 960 --- [main] com.demo.demo_project.App                : Started App in 11.327 seconds (JVM running for 12.33)
2023-06-27 15:38:28.139  INFO 960 --- [http-nio-8080-exec-2] o.a.c.c.C.[Tomcat].[localhost].[/]       : Initializing Spring DispatcherServlet 'dispatcherServlet'
2023-06-27 15:38:28.140  INFO 960 --- [http-nio-8080-exec-2] o.s.web.servlet.DispatcherServlet        : Initializing Servlet 'dispatcherServlet'
2023-06-27 15:38:28.142  INFO 960 --- [http-nio-8080-exec-2] o.s.web.servlet.DispatcherServlet        : Completed initialization in 2 ms
2023-06-27 15:38:28.216 ERROR 960 --- [http-nio-8080-exec-2] c.demo.demo_project.api.homeController   : Inside error
2023-06-27 15:38:28.217  INFO 960 --- [http-nio-8080-exec-2] c.demo.demo_project.api.homeController   : Inside info
2023-06-27 15:38:28.217 TRACE 960 --- [http-nio-8080-exec-2] c.demo.demo_project.api.homeController   : Inside trace
2023-06-27 15:38:28.218  WARN 960 --- [http-nio-8080-exec-2] c.demo.demo_project.api.homeController   : Inside warnings
2023-06-27 15:38:28.218 DEBUG 960 --- [http-nio-8080-exec-2] c.demo.demo_project.api.homeController   : Inside debug
2023-06-27 15:45:58.136  WARN 960 --- [http-nio-8080-exec-5] .w.s.m.s.DefaultHandlerExceptionResolver : Resolved [org.springframework.http.converter.HttpMessageNotReadableException: JSON parse error: Cannot deserialize value of type `com.demo.demo_project.interactions.StudentRequest` from Array value (token `JsonToken.START_ARRAY`); nested exception is com.fasterxml.jackson.databind.exc.MismatchedInputException: Cannot deserialize value of type `com.demo.demo_project.interactions.StudentRequest` from Array value (token `JsonToken.START_ARRAY`)<EOL> at [Source: (org.springframework.util.StreamUtils$NonClosingInputStream); line: 1, column: 1]]
2023-06-27 15:47:13.584  INFO 960 --- [http-nio-8080-exec-7] tConfig$$EnhancerBySpringCGLIB$$5401b790 : Requestcom.demo.demo_project.interactions.StudentRequest@272a09e3
